{"C:\\Users\\Lukas Hochsteger\\Desktop\\HTL_Wien_West_2022_23\\5BHITM_SEW\\SEW_5BHITM_15022023\\AngabeAufgaben4-7\\string.js": {"path":"C:\\Users\\Lukas Hochsteger\\Desktop\\HTL_Wien_West_2022_23\\5BHITM_SEW\\SEW_5BHITM_15022023\\AngabeAufgaben4-7\\string.js","all":false,"statementMap":{"0":{"start":{"line":1,"column":0},"end":{"line":1,"column":44}},"1":{"start":{"line":2,"column":0},"end":{"line":2,"column":37}},"2":{"start":{"line":3,"column":0},"end":{"line":3,"column":25}},"3":{"start":{"line":4,"column":0},"end":{"line":4,"column":88}},"4":{"start":{"line":5,"column":0},"end":{"line":5,"column":49}},"5":{"start":{"line":6,"column":0},"end":{"line":6,"column":2}}},"s":{"0":1,"1":4,"2":2,"3":4,"4":1,"5":1},"branchMap":{"0":{"type":"branch","line":2,"loc":{"start":{"line":2,"column":-2},"end":{"line":6,"column":2}},"locations":[{"start":{"line":2,"column":-2},"end":{"line":6,"column":2}}]},"1":{"type":"branch","line":2,"loc":{"start":{"line":2,"column":27},"end":{"line":2,"column":37}},"locations":[{"start":{"line":2,"column":27},"end":{"line":2,"column":37}}]},"2":{"type":"branch","line":3,"loc":{"start":{"line":3,"column":-2},"end":{"line":4,"column":26}},"locations":[{"start":{"line":3,"column":-2},"end":{"line":4,"column":26}}]},"3":{"type":"branch","line":4,"loc":{"start":{"line":4,"column":26},"end":{"line":6,"column":2}},"locations":[{"start":{"line":4,"column":26},"end":{"line":6,"column":2}}]}},"b":{"0":[4],"1":[1],"2":[2],"3":[1]},"fnMap":{"0":{"name":"toCap","decl":{"start":{"line":2,"column":-2},"end":{"line":6,"column":2}},"loc":{"start":{"line":2,"column":-2},"end":{"line":6,"column":2}},"line":2}},"f":{"0":4}}
}
